c:\users\jayes\desktop\virtual pets\virtualpets\virtualpets\x64\debug\vc143.pdb
c:\users\jayes\desktop\virtual pets\virtualpets\virtualpets\x64\debug\vc143.idb
c:\users\jayes\desktop\virtual pets\virtualpets\virtualpets\x64\debug\windowhandler.obj
c:\users\jayes\desktop\virtual pets\virtualpets\virtualpets\x64\debug\stb_image_impl.obj
c:\users\jayes\desktop\virtual pets\virtualpets\virtualpets\x64\debug\vbo.obj
c:\users\jayes\desktop\virtual pets\virtualpets\virtualpets\x64\debug\shaderclass.obj
c:\users\jayes\desktop\virtual pets\virtualpets\virtualpets\x64\debug\ebo.obj
c:\users\jayes\desktop\virtual pets\virtualpets\virtualpets\x64\debug\main.obj
c:\users\jayes\desktop\virtual pets\virtualpets\virtualpets\x64\debug\gameobject.obj
c:\users\jayes\desktop\virtual pets\virtualpets\virtualpets\x64\debug\textures.obj
c:\users\jayes\desktop\virtual pets\virtualpets\virtualpets\x64\debug\vao.obj
c:\users\jayes\desktop\virtual pets\virtualpets\x64\debug\virtualpets.exe
c:\users\jayes\desktop\virtual pets\virtualpets\x64\debug\virtualpets.pdb
c:\users\jayes\desktop\virtual pets\virtualpets\virtualpets\x64\debug\virtualpets.ilk
c:\users\jayes\desktop\virtual pets\virtualpets\virtualpets\x64\debug\virtualpets.tlog\cl.command.1.tlog
c:\users\jayes\desktop\virtual pets\virtualpets\virtualpets\x64\debug\virtualpets.tlog\cl.items.tlog
c:\users\jayes\desktop\virtual pets\virtualpets\virtualpets\x64\debug\virtualpets.tlog\cl.read.1.tlog
c:\users\jayes\desktop\virtual pets\virtualpets\virtualpets\x64\debug\virtualpets.tlog\cl.write.1.tlog
c:\users\jayes\desktop\virtual pets\virtualpets\virtualpets\x64\debug\virtualpets.tlog\link.command.1.tlog
c:\users\jayes\desktop\virtual pets\virtualpets\virtualpets\x64\debug\virtualpets.tlog\link.read.1.tlog
c:\users\jayes\desktop\virtual pets\virtualpets\virtualpets\x64\debug\virtualpets.tlog\link.secondary.1.tlog
c:\users\jayes\desktop\virtual pets\virtualpets\virtualpets\x64\debug\virtualpets.tlog\link.write.1.tlog
