  main.cpp
C:\Users\jayes\Desktop\Virtual Pets\VirtualPets\stb_image.h(732,12): error C2084: function 'int stbi__cpuid3(void)' already has a body
  (compiling source file 'main.cpp')
      C:\Users\jayes\Desktop\Virtual Pets\VirtualPets\stb_image.h(732,12):
      see previous definition of 'stbi__cpuid3'
  
C:\Users\jayes\Desktop\Virtual Pets\VirtualPets\stb_image.h(754,12): error C2084: function 'int stbi__sse2_available(void)' already has a body
  (compiling source file 'main.cpp')
      C:\Users\jayes\Desktop\Virtual Pets\VirtualPets\stb_image.h(754,12):
      see previous definition of 'stbi__sse2_available'
  
C:\Users\jayes\Desktop\Virtual Pets\VirtualPets\stb_image.h(756,14): error C2440: 'initializing': cannot convert from 'int (__cdecl *)(void)' to 'int'
  (compiling source file 'main.cpp')
      C:\Users\jayes\Desktop\Virtual Pets\VirtualPets\stb_image.h(756,14):
      There is no context in which this conversion is possible
  
C:\Users\jayes\Desktop\Virtual Pets\VirtualPets\stb_image.h(820,3): error C2371: 'stbi__context': redefinition; different basic types
  (compiling source file 'main.cpp')
      C:\Users\jayes\Desktop\Virtual Pets\VirtualPets\stb_image.h(820,3):
      see declaration of 'stbi__context'
  
C:\Users\jayes\Desktop\Virtual Pets\VirtualPets\stb_image.h(826,13): error C2084: function 'void stbi__start_mem(stbi__context *,const stbi_uc *,int)' already has a body
  (compiling source file 'main.cpp')
      C:\Users\jayes\Desktop\Virtual Pets\VirtualPets\stb_image.h(826,13):
      see previous definition of 'stbi__start_mem'
  
C:\Users\jayes\Desktop\Virtual Pets\VirtualPets\stb_image.h(836,13): error C2084: function 'void stbi__start_callbacks(stbi__context *,stbi_io_callbacks *,void *)' already has a body
  (compiling source file 'main.cpp')
      C:\Users\jayes\Desktop\Virtual Pets\VirtualPets\stb_image.h(836,13):
      see previous definition of 'stbi__start_callbacks'
  
C:\Users\jayes\Desktop\Virtual Pets\VirtualPets\stb_image.h(850,12): error C2084: function 'int stbi__stdio_read(void *,char *,int)' already has a body
  (compiling source file 'main.cpp')
      C:\Users\jayes\Desktop\Virtual Pets\VirtualPets\stb_image.h(850,12):
      see previous definition of 'stbi__stdio_read'
  
C:\Users\jayes\Desktop\Virtual Pets\VirtualPets\stb_image.h(855,13): error C2084: function 'void stbi__stdio_skip(void *,int)' already has a body
  (compiling source file 'main.cpp')
      C:\Users\jayes\Desktop\Virtual Pets\VirtualPets\stb_image.h(855,13):
      see previous definition of 'stbi__stdio_skip'
  
C:\Users\jayes\Desktop\Virtual Pets\VirtualPets\stb_image.h(865,12): error C2084: function 'int stbi__stdio_eof(void *)' already has a body
  (compiling source file 'main.cpp')
      C:\Users\jayes\Desktop\Virtual Pets\VirtualPets\stb_image.h(865,12):
      see previous definition of 'stbi__stdio_eof'
  
C:\Users\jayes\Desktop\Virtual Pets\VirtualPets\stb_image.h(870,26): error C2374: 'stbi__stdio_callbacks': redefinition; multiple initialization
  (compiling source file 'main.cpp')
      C:\Users\jayes\Desktop\Virtual Pets\VirtualPets\stb_image.h(870,26):
      see declaration of 'stbi__stdio_callbacks'
  
C:\Users\jayes\Desktop\Virtual Pets\VirtualPets\stb_image.h(870,26): error C2086: 'stbi_io_callbacks stbi__stdio_callbacks': redefinition
  (compiling source file 'main.cpp')
      C:\Users\jayes\Desktop\Virtual Pets\VirtualPets\stb_image.h(870,26):
      see declaration of 'stbi__stdio_callbacks'
  
C:\Users\jayes\Desktop\Virtual Pets\VirtualPets\stb_image.h(877,13): error C2084: function 'void stbi__start_file(stbi__context *,FILE *)' already has a body
  (compiling source file 'main.cpp')
      C:\Users\jayes\Desktop\Virtual Pets\VirtualPets\stb_image.h(877,13):
      see previous definition of 'stbi__start_file'
  
C:\Users\jayes\Desktop\Virtual Pets\VirtualPets\stb_image.h(879,4): error C2264: 'stbi__start_callbacks': error in function definition or declaration; function not called
  (compiling source file 'main.cpp')
  
C:\Users\jayes\Desktop\Virtual Pets\VirtualPets\stb_image.h(886,13): error C2084: function 'void stbi__rewind(stbi__context *)' already has a body
  (compiling source file 'main.cpp')
      C:\Users\jayes\Desktop\Virtual Pets\VirtualPets\stb_image.h(886,13):
      see previous definition of 'stbi__rewind'
  
C:\Users\jayes\Desktop\Virtual Pets\VirtualPets\stb_image.h(897,4): error C2365: 'STBI_ORDER_RGB': redefinition; previous definition was 'enumerator'
  (compiling source file 'main.cpp')
      C:\Users\jayes\Desktop\Virtual Pets\VirtualPets\stb_image.h(897,4):
      see declaration of 'STBI_ORDER_RGB'
  
C:\Users\jayes\Desktop\Virtual Pets\VirtualPets\stb_image.h(898,4): error C2365: 'STBI_ORDER_BGR': redefinition; previous definition was 'enumerator'
  (compiling source file 'main.cpp')
      C:\Users\jayes\Desktop\Virtual Pets\VirtualPets\stb_image.h(898,4):
      see declaration of 'STBI_ORDER_BGR'
  
C:\Users\jayes\Desktop\Virtual Pets\VirtualPets\stb_image.h(906,3): error C2371: 'stbi__result_info': redefinition; different basic types
  (compiling source file 'main.cpp')
      C:\Users\jayes\Desktop\Virtual Pets\VirtualPets\stb_image.h(906,3):
      see declaration of 'stbi__result_info'
  
C:\Users\jayes\Desktop\Virtual Pets\VirtualPets\stb_image.h(970,13): error C2086: 'const char *stbi__g_failure_reason': redefinition
  (compiling source file 'main.cpp')
      C:\Users\jayes\Desktop\Virtual Pets\VirtualPets\stb_image.h(970,13):
      see declaration of 'stbi__g_failure_reason'
  
C:\Users\jayes\Desktop\Virtual Pets\VirtualPets\stb_image.h(972,21): error C2084: function 'const char *stbi_failure_reason(void)' already has a body
  (compiling source file 'main.cpp')
      C:\Users\jayes\Desktop\Virtual Pets\VirtualPets\stb_image.h(972,21):
      see previous definition of 'stbi_failure_reason'
  
C:\Users\jayes\Desktop\Virtual Pets\VirtualPets\stb_image.h(978,12): warning C4003: not enough arguments for function-like macro invocation 'stbi__err'
  (compiling source file 'main.cpp')
  
C:\Users\jayes\Desktop\Virtual Pets\VirtualPets\stb_image.h(978,12): error C2084: function 'int stbi__err(const char *)' already has a body
  (compiling source file 'main.cpp')
      C:\Users\jayes\Desktop\Virtual Pets\VirtualPets\stb_image.h(978,12):
      see previous definition of 'stbi__err'
  
C:\Users\jayes\Desktop\Virtual Pets\VirtualPets\stb_image.h(985,14): error C2084: function 'void *stbi__malloc(size_t)' already has a body
  (compiling source file 'main.cpp')
      C:\Users\jayes\Desktop\Virtual Pets\VirtualPets\stb_image.h(985,14):
      see previous definition of 'stbi__malloc'
  
C:\Users\jayes\Desktop\Virtual Pets\VirtualPets\stb_image.h(1002,12): error C2084: function 'int stbi__addsizes_valid(int,int)' already has a body
  (compiling source file 'main.cpp')
      C:\Users\jayes\Desktop\Virtual Pets\VirtualPets\stb_image.h(1002,12):
      see previous definition of 'stbi__addsizes_valid'
  
C:\Users\jayes\Desktop\Virtual Pets\VirtualPets\stb_image.h(1014,12): error C2084: function 'int stbi__mul2sizes_valid(int,int)' already has a body
  (compiling source file 'main.cpp')
      C:\Users\jayes\Desktop\Virtual Pets\VirtualPets\stb_image.h(1014,12):
      see previous definition of 'stbi__mul2sizes_valid'
  
C:\Users\jayes\Desktop\Virtual Pets\VirtualPets\stb_image.h(1024,12): error C2084: function 'int stbi__mad2sizes_valid(int,int,int)' already has a body
  (compiling source file 'main.cpp')
      C:\Users\jayes\Desktop\Virtual Pets\VirtualPets\stb_image.h(1024,12):
      see previous definition of 'stbi__mad2sizes_valid'
  
C:\Users\jayes\Desktop\Virtual Pets\VirtualPets\stb_image.h(1026,32): warning C4551: function call missing argument list
  (compiling source file 'main.cpp')
  
C:\Users\jayes\Desktop\Virtual Pets\VirtualPets\stb_image.h(1026,32): error C2568: '&&': unable to resolve function overload
  (compiling source file 'main.cpp')
      C:\Users\jayes\Desktop\Virtual Pets\VirtualPets\stb_image.h(1026,32):
      could be 'int stbi__mul2sizes_valid(int,int)'
  
C:\Users\jayes\Desktop\Virtual Pets\VirtualPets\stb_image.h(1031,12): error C2084: function 'int stbi__mad3sizes_valid(int,int,int,int)' already has a body
  (compiling source file 'main.cpp')
      C:\Users\jayes\Desktop\Virtual Pets\VirtualPets\stb_image.h(1031,12):
      see previous definition of 'stbi__mad3sizes_valid'
  
C:\Users\jayes\Desktop\Virtual Pets\VirtualPets\stb_image.h(1033,32): warning C4551: function call missing argument list
  (compiling source file 'main.cpp')
  
C:\Users\jayes\Desktop\Virtual Pets\VirtualPets\stb_image.h(1033,32): error C2568: '&&': unable to resolve function overload
  (compiling source file 'main.cpp')
      C:\Users\jayes\Desktop\Virtual Pets\VirtualPets\stb_image.h(1033,32):
      could be 'int stbi__mul2sizes_valid(int,int)'
  
C:\Users\jayes\Desktop\Virtual Pets\VirtualPets\stb_image.h(1039,12): error C2084: function 'int stbi__mad4sizes_valid(int,int,int,int,int)' already has a body
  (compiling source file 'main.cpp')
      C:\Users\jayes\Desktop\Virtual Pets\VirtualPets\stb_image.h(1039,12):
      see previous definition of 'stbi__mad4sizes_valid'
  
C:\Users\jayes\Desktop\Virtual Pets\VirtualPets\stb_image.h(1041,32): warning C4551: function call missing argument list
  (compiling source file 'main.cpp')
  
C:\Users\jayes\Desktop\Virtual Pets\VirtualPets\stb_image.h(1041,32): error C2568: '&&': unable to resolve function overload
  (compiling source file 'main.cpp')
      C:\Users\jayes\Desktop\Virtual Pets\VirtualPets\stb_image.h(1041,32):
      could be 'int stbi__mul2sizes_valid(int,int)'
  
C:\Users\jayes\Desktop\Virtual Pets\VirtualPets\stb_image.h(1048,14): error C2084: function 'void *stbi__malloc_mad2(int,int,int)' already has a body
  (compiling source file 'main.cpp')
      C:\Users\jayes\Desktop\Virtual Pets\VirtualPets\stb_image.h(1048,14):
      see previous definition of 'stbi__malloc_mad2'
  
C:\Users\jayes\Desktop\Virtual Pets\VirtualPets\stb_image.h(1050,8): warning C4551: function call missing argument list
  (compiling source file 'main.cpp')
  
C:\Users\jayes\Desktop\Virtual Pets\VirtualPets\stb_image.h(1055,14): error C2084: function 'void *stbi__malloc_mad3(int,int,int,int)' already has a body
  (compiling source file 'main.cpp')
      C:\Users\jayes\Desktop\Virtual Pets\VirtualPets\stb_image.h(1055,14):
      see previous definition of 'stbi__malloc_mad3'
  
C:\Users\jayes\Desktop\Virtual Pets\VirtualPets\stb_image.h(1057,8): warning C4551: function call missing argument list
  (compiling source file 'main.cpp')
  
C:\Users\jayes\Desktop\Virtual Pets\VirtualPets\stb_image.h(1062,14): error C2084: function 'void *stbi__malloc_mad4(int,int,int,int,int)' already has a body
  (compiling source file 'main.cpp')
      C:\Users\jayes\Desktop\Virtual Pets\VirtualPets\stb_image.h(1062,14):
      see previous definition of 'stbi__malloc_mad4'
  
C:\Users\jayes\Desktop\Virtual Pets\VirtualPets\stb_image.h(1064,8): warning C4551: function call missing argument list
  (compiling source file 'main.cpp')
  
C:\Users\jayes\Desktop\Virtual Pets\VirtualPets\stb_image.h(1070,12): error C2084: function 'int stbi__addints_valid(int,int)' already has a body
  (compiling source file 'main.cpp')
      C:\Users\jayes\Desktop\Virtual Pets\VirtualPets\stb_image.h(1070,12):
      see previous definition of 'stbi__addints_valid'
  
C:\Users\jayes\Desktop\Virtual Pets\VirtualPets\stb_image.h(1078,12): error C2084: function 'int stbi__mul2shorts_valid(int,int)' already has a body
  (compiling source file 'main.cpp')
      C:\Users\jayes\Desktop\Virtual Pets\VirtualPets\stb_image.h(1078,12):
      see previous definition of 'stbi__mul2shorts_valid'
  
C:\Users\jayes\Desktop\Virtual Pets\VirtualPets\stb_image.h(1101,14): error C2084: function 'void stbi_image_free(void *)' already has a body
  (compiling source file 'main.cpp')
      C:\Users\jayes\Desktop\Virtual Pets\VirtualPets\stb_image.h(1101,14):
      see previous definition of 'stbi_image_free'
  
C:\Users\jayes\Desktop\Virtual Pets\VirtualPets\stb_image.h(1114,12): error C2374: 'stbi__vertically_flip_on_load_global': redefinition; multiple initialization
  (compiling source file 'main.cpp')
      C:\Users\jayes\Desktop\Virtual Pets\VirtualPets\stb_image.h(1114,12):
      see declaration of 'stbi__vertically_flip_on_load_global'
  
C:\Users\jayes\Desktop\Virtual Pets\VirtualPets\stb_image.h(1114,12): error C2086: 'int stbi__vertically_flip_on_load_global': redefinition
  (compiling source file 'main.cpp')
      C:\Users\jayes\Desktop\Virtual Pets\VirtualPets\stb_image.h(1114,12):
      see declaration of 'stbi__vertically_flip_on_load_global'
  
C:\Users\jayes\Desktop\Virtual Pets\VirtualPets\stb_image.h(1116,14): error C2084: function 'void stbi_set_flip_vertically_on_load(int)' already has a body
  (compiling source file 'main.cpp')
      C:\Users\jayes\Desktop\Virtual Pets\VirtualPets\stb_image.h(1116,14):
      see previous definition of 'stbi_set_flip_vertically_on_load'
  
C:\Users\jayes\Desktop\Virtual Pets\VirtualPets\stb_image.h(1124,30): error C2086: 'int stbi__vertically_flip_on_load_local': redefinition
  (compiling source file 'main.cpp')
      C:\Users\jayes\Desktop\Virtual Pets\VirtualPets\stb_image.h(1124,30):
      see declaration of 'stbi__vertically_flip_on_load_local'
  
C:\Users\jayes\Desktop\Virtual Pets\VirtualPets\stb_image.h(1124,67): error C2086: 'int stbi__vertically_flip_on_load_set': redefinition
  (compiling source file 'main.cpp')
      C:\Users\jayes\Desktop\Virtual Pets\VirtualPets\stb_image.h(1124,67):
      see declaration of 'stbi__vertically_flip_on_load_set'
  
C:\Users\jayes\Desktop\Virtual Pets\VirtualPets\stb_image.h(1126,14): error C2084: function 'void stbi_set_flip_vertically_on_load_thread(int)' already has a body
  (compiling source file 'main.cpp')
      C:\Users\jayes\Desktop\Virtual Pets\VirtualPets\stb_image.h(1126,14):
      see previous definition of 'stbi_set_flip_vertically_on_load_thread'
  
C:\Users\jayes\Desktop\Virtual Pets\VirtualPets\stb_image.h(1137,14): error C2084: function 'void *stbi__load_main(stbi__context *,int *,int *,int *,int,stbi__result_info *,int)' already has a body
  (compiling source file 'main.cpp')
      C:\Users\jayes\Desktop\Virtual Pets\VirtualPets\stb_image.h(1137,14):
      see previous definition of 'stbi__load_main'
  
C:\Users\jayes\Desktop\Virtual Pets\VirtualPets\stb_image.h(1190,17): error C2084: function 'stbi_uc *stbi__convert_16_to_8(stbi__uint16 *,int,int,int)' already has a body
  (compiling source file 'main.cpp')
      C:\Users\jayes\Desktop\Virtual Pets\VirtualPets\stb_image.h(1190,17):
      see previous definition of 'stbi__convert_16_to_8'
  
C:\Users\jayes\Desktop\Virtual Pets\VirtualPets\stb_image.h(1206,22): error C2084: function 'stbi__uint16 *stbi__convert_8_to_16(stbi_uc *,int,int,int)' already has a body
  (compiling source file 'main.cpp')
      C:\Users\jayes\Desktop\Virtual Pets\VirtualPets\stb_image.h(1206,22):
      see previous definition of 'stbi__convert_8_to_16'
  
C:\Users\jayes\Desktop\Virtual Pets\VirtualPets\stb_image.h(1222,13): error C2084: function 'void stbi__vertical_flip(void *,int,int,int)' already has a body
  (compiling source file 'main.cpp')
      C:\Users\jayes\Desktop\Virtual Pets\VirtualPets\stb_image.h(1222,13):
      see previous definition of 'stbi__vertical_flip'
  
C:\Users\jayes\Desktop\Virtual Pets\VirtualPets\stb_image.h(1247,13): error C2084: function 'void stbi__vertical_flip_slices(void *,int,int,int,int)' already has a body
  (compiling source file 'main.cpp')
      C:\Users\jayes\Desktop\Virtual Pets\VirtualPets\stb_image.h(1247,13):
      see previous definition of 'stbi__vertical_flip_slices'
  
C:\Users\jayes\Desktop\Virtual Pets\VirtualPets\stb_image.h(1260,23): error C2084: function 'unsigned char *stbi__load_and_postprocess_8bit(stbi__context *,int *,int *,int *,int)' already has a body
  (compiling source file 'main.cpp')
      C:\Users\jayes\Desktop\Virtual Pets\VirtualPets\stb_image.h(1260,23):
      see previous definition of 'stbi__load_and_postprocess_8bit'
  
C:\Users\jayes\Desktop\Virtual Pets\VirtualPets\stb_image.h(1263,19): error C2264: 'stbi__load_main': error in function definition or declaration; function not called
  (compiling source file 'main.cpp')
  
C:\Users\jayes\Desktop\Virtual Pets\VirtualPets\stb_image.h(1272,37): error C2568: '=': unable to resolve function overload
  (compiling source file 'main.cpp')
      C:\Users\jayes\Desktop\Virtual Pets\VirtualPets\stb_image.h(1272,37):
      could be 'stbi_uc *stbi__convert_16_to_8(stbi__uint16 *,int,int,int)'
  
C:\Users\jayes\Desktop\Virtual Pets\VirtualPets\stb_image.h(1286,22): error C2084: function 'stbi__uint16 *stbi__load_and_postprocess_16bit(stbi__context *,int *,int *,int *,int)' already has a body
  (compiling source file 'main.cpp')
      C:\Users\jayes\Desktop\Virtual Pets\VirtualPets\stb_image.h(1286,22):
      see previous definition of 'stbi__load_and_postprocess_16bit'
  
C:\Users\jayes\Desktop\Virtual Pets\VirtualPets\stb_image.h(1289,19): error C2264: 'stbi__load_main': error in function definition or declaration; function not called
  (compiling source file 'main.cpp')
  
C:\Users\jayes\Desktop\Virtual Pets\VirtualPets\stb_image.h(1298,37): error C2568: '=': unable to resolve function overload
  (compiling source file 'main.cpp')
      C:\Users\jayes\Desktop\Virtual Pets\VirtualPets\stb_image.h(1298,37):
      could be 'stbi__uint16 *stbi__convert_8_to_16(stbi_uc *,int,int,int)'
  
C:\Users\jayes\Desktop\Virtual Pets\VirtualPets\stb_image.h(1314,13): error C2084: function 'void stbi__float_postprocess(float *,int *,int *,int *,int)' already has a body
  (compiling source file 'main.cpp')
      C:\Users\jayes\Desktop\Virtual Pets\VirtualPets\stb_image.h(1314,13):
      see previous definition of 'stbi__float_postprocess'
  
C:\Users\jayes\Desktop\Virtual Pets\VirtualPets\stb_image.h(1337,14): error C2084: function 'FILE *stbi__fopen(const char *,const char *)' already has a body
  (compiling source file 'main.cpp')
      C:\Users\jayes\Desktop\Virtual Pets\VirtualPets\stb_image.h(1337,14):
      see previous definition of 'stbi__fopen'
  
C:\Users\jayes\Desktop\Virtual Pets\VirtualPets\stb_image.h(1366,18): error C2084: function 'stbi_uc *stbi_load(const char *,int *,int *,int *,int)' already has a body
  (compiling source file 'main.cpp')
      C:\Users\jayes\Desktop\Virtual Pets\VirtualPets\stb_image.h(1366,18):
      see previous definition of 'stbi_load'
  
C:\Users\jayes\Desktop\Virtual Pets\VirtualPets\stb_image.h(1368,12): error C2440: 'initializing': cannot convert from 'FILE *(__cdecl *)(const char *,const char *)' to 'FILE *'
  (compiling source file 'main.cpp')
      C:\Users\jayes\Desktop\Virtual Pets\VirtualPets\stb_image.h(1368,12):
      There is no context in which this conversion is possible
  
C:\Users\jayes\Desktop\Virtual Pets\VirtualPets\stb_image.h(1376,18): error C2084: function 'stbi_uc *stbi_load_from_file(FILE *,int *,int *,int *,int)' already has a body
  (compiling source file 'main.cpp')
      C:\Users\jayes\Desktop\Virtual Pets\VirtualPets\stb_image.h(1376,18):
      see previous definition of 'stbi_load_from_file'
  
C:\Users\jayes\Desktop\Virtual Pets\VirtualPets\stb_image.h(1380,4): error C2264: 'stbi__start_file': error in function definition or declaration; function not called
  (compiling source file 'main.cpp')
  
C:\Users\jayes\Desktop\Virtual Pets\VirtualPets\stb_image.h(1381,13): error C2264: 'stbi__load_and_postprocess_8bit': error in function definition or declaration; function not called
  (compiling source file 'main.cpp')
  
C:\Users\jayes\Desktop\Virtual Pets\VirtualPets\stb_image.h(1389,23): error C2084: function 'stbi_us *stbi_load_from_file_16(FILE *,int *,int *,int *,int)' already has a body
  (compiling source file 'main.cpp')
      C:\Users\jayes\Desktop\Virtual Pets\VirtualPets\stb_image.h(1389,23):
      see previous definition of 'stbi_load_from_file_16'
  
C:\Users\jayes\Desktop\Virtual Pets\VirtualPets\stb_image.h(1393,4): error C2264: 'stbi__start_file': error in function definition or declaration; function not called
  (compiling source file 'main.cpp')
  
C:\Users\jayes\Desktop\Virtual Pets\VirtualPets\stb_image.h(1394,13): error C2264: 'stbi__load_and_postprocess_16bit': error in function definition or declaration; function not called
  (compiling source file 'main.cpp')
  
C:\Users\jayes\Desktop\Virtual Pets\VirtualPets\stb_image.h(1402,18): error C2084: function 'stbi_us *stbi_load_16(const char *,int *,int *,int *,int)' already has a body
  (compiling source file 'main.cpp')
      C:\Users\jayes\Desktop\Virtual Pets\VirtualPets\stb_image.h(1402,18):
      see previous definition of 'stbi_load_16'
  
C:\Users\jayes\Desktop\Virtual Pets\VirtualPets\stb_image.h(1404,12): error C2440: 'initializing': cannot convert from 'FILE *(__cdecl *)(const char *,const char *)' to 'FILE *'
  (compiling source file 'main.cpp')
      C:\Users\jayes\Desktop\Virtual Pets\VirtualPets\stb_image.h(1404,12):
      There is no context in which this conversion is possible
  
C:\Users\jayes\Desktop\Virtual Pets\VirtualPets\stb_image.h(1407,13): error C2264: 'stbi_load_from_file_16': error in function definition or declaration; function not called
  (compiling source file 'main.cpp')
  
C:\Users\jayes\Desktop\Virtual Pets\VirtualPets\stb_image.h(1415,18): error C2084: function 'stbi_us *stbi_load_16_from_memory(const stbi_uc *,int,int *,int *,int *,int)' already has a body
  (compiling source file 'main.cpp')
      C:\Users\jayes\Desktop\Virtual Pets\VirtualPets\stb_image.h(1415,18):
      see previous definition of 'stbi_load_16_from_memory'
  
C:\Users\jayes\Desktop\Virtual Pets\VirtualPets\stb_image.h(1418,4): error C2264: 'stbi__start_mem': error in function definition or declaration; function not called
  (compiling source file 'main.cpp')
  
C:\Users\jayes\Desktop\Virtual Pets\VirtualPets\stb_image.h(1419,11): error C2264: 'stbi__load_and_postprocess_16bit': error in function definition or declaration; function not called
  (compiling source file 'main.cpp')
  
C:\Users\jayes\Desktop\Virtual Pets\VirtualPets\stb_image.h(1422,18): error C2084: function 'stbi_us *stbi_load_16_from_callbacks(const stbi_io_callbacks *,void *,int *,int *,int *,int)' already has a body
  (compiling source file 'main.cpp')
      C:\Users\jayes\Desktop\Virtual Pets\VirtualPets\stb_image.h(1422,18):
      see previous definition of 'stbi_load_16_from_callbacks'
  
C:\Users\jayes\Desktop\Virtual Pets\VirtualPets\stb_image.h(1425,4): error C2264: 'stbi__start_callbacks': error in function definition or declaration; function not called
  (compiling source file 'main.cpp')
  
C:\Users\jayes\Desktop\Virtual Pets\VirtualPets\stb_image.h(1426,11): error C2264: 'stbi__load_and_postprocess_16bit': error in function definition or declaration; function not called
  (compiling source file 'main.cpp')
  
C:\Users\jayes\Desktop\Virtual Pets\VirtualPets\stb_image.h(1429,18): error C2084: function 'stbi_uc *stbi_load_from_memory(const stbi_uc *,int,int *,int *,int *,int)' already has a body
  (compiling source file 'main.cpp')
      C:\Users\jayes\Desktop\Virtual Pets\VirtualPets\stb_image.h(1429,18):
      see previous definition of 'stbi_load_from_memory'
  
C:\Users\jayes\Desktop\Virtual Pets\VirtualPets\stb_image.h(1432,4): error C2264: 'stbi__start_mem': error in function definition or declaration; function not called
  (compiling source file 'main.cpp')
  
C:\Users\jayes\Desktop\Virtual Pets\VirtualPets\stb_image.h(1433,11): error C2264: 'stbi__load_and_postprocess_8bit': error in function definition or declaration; function not called
  (compiling source file 'main.cpp')
  
C:\Users\jayes\Desktop\Virtual Pets\VirtualPets\stb_image.h(1436,18): error C2084: function 'stbi_uc *stbi_load_from_callbacks(const stbi_io_callbacks *,void *,int *,int *,int *,int)' already has a body
  (compiling source file 'main.cpp')
      C:\Users\jayes\Desktop\Virtual Pets\VirtualPets\stb_image.h(1436,18):
      see previous definition of 'stbi_load_from_callbacks'
  
C:\Users\jayes\Desktop\Virtual Pets\VirtualPets\stb_image.h(1439,4): error C2264: 'stbi__start_callbacks': error in function definition or declaration; function not called
  (compiling source file 'main.cpp')
  
C:\Users\jayes\Desktop\Virtual Pets\VirtualPets\stb_image.h(1440,11): error C2264: 'stbi__load_and_postprocess_8bit': error in function definition or declaration; function not called
  (compiling source file 'main.cpp')
  
C:\Users\jayes\Desktop\Virtual Pets\VirtualPets\stb_image.h(1444,18): error C2084: function 'stbi_uc *stbi_load_gif_from_memory(const stbi_uc *,int,int **,int *,int *,int *,int *,int)' already has a body
  (compiling source file 'main.cpp')
      C:\Users\jayes\Desktop\Virtual Pets\VirtualPets\stb_image.h(1444,18):
      see previous definition of 'stbi_load_gif_from_memory'
  
C:\Users\jayes\Desktop\Virtual Pets\VirtualPets\stb_image.h(1448,4): error C2264: 'stbi__start_mem': error in function definition or declaration; function not called
  (compiling source file 'main.cpp')
  
C:\Users\jayes\Desktop\Virtual Pets\VirtualPets\stb_image.h(1460,15): error C2084: function 'float *stbi__loadf_main(stbi__context *,int *,int *,int *,int)' already has a body
  (compiling source file 'main.cpp')
      C:\Users\jayes\Desktop\Virtual Pets\VirtualPets\stb_image.h(1460,15):
      see previous definition of 'stbi__loadf_main'
  
C:\Users\jayes\Desktop\Virtual Pets\VirtualPets\stb_image.h(1472,11): error C2264: 'stbi__load_and_postprocess_8bit': error in function definition or declaration; function not called
  (compiling source file 'main.cpp')
  
C:\Users\jayes\Desktop\Virtual Pets\VirtualPets\stb_image.h(1478,16): error C2084: function 'float *stbi_loadf_from_memory(const stbi_uc *,int,int *,int *,int *,int)' already has a body
  (compiling source file 'main.cpp')
      C:\Users\jayes\Desktop\Virtual Pets\VirtualPets\stb_image.h(1478,16):
      see previous definition of 'stbi_loadf_from_memory'
  
C:\Users\jayes\Desktop\Virtual Pets\VirtualPets\stb_image.h(1481,4): error C2264: 'stbi__start_mem': error in function definition or declaration; function not called
  (compiling source file 'main.cpp')
  
C:\Users\jayes\Desktop\Virtual Pets\VirtualPets\stb_image.h(1482,11): error C2264: 'stbi__loadf_main': error in function definition or declaration; function not called
  (compiling source file 'main.cpp')
  
C:\Users\jayes\Desktop\Virtual Pets\VirtualPets\stb_image.h(1485,16): error C2084: function 'float *stbi_loadf_from_callbacks(const stbi_io_callbacks *,void *,int *,int *,int *,int)' already has a body
  (compiling source file 'main.cpp')
      C:\Users\jayes\Desktop\Virtual Pets\VirtualPets\stb_image.h(1485,16):
      see previous definition of 'stbi_loadf_from_callbacks'
  
C:\Users\jayes\Desktop\Virtual Pets\VirtualPets\stb_image.h(1488,4): error C2264: 'stbi__start_callbacks': error in function definition or declaration; function not called
  (compiling source file 'main.cpp')
  
C:\Users\jayes\Desktop\Virtual Pets\VirtualPets\stb_image.h(1489,11): error C2264: 'stbi__loadf_main': error in function definition or declaration; function not called
  (compiling source file 'main.cpp')
  
C:\Users\jayes\Desktop\Virtual Pets\VirtualPets\stb_image.h(1493,16): error C2084: function 'float *stbi_loadf(const char *,int *,int *,int *,int)' already has a body
  (compiling source file 'main.cpp')
      C:\Users\jayes\Desktop\Virtual Pets\VirtualPets\stb_image.h(1493,16):
      see previous definition of 'stbi_loadf'
  
C:\Users\jayes\Desktop\Virtual Pets\VirtualPets\stb_image.h(1496,12): error C2440: 'initializing': cannot convert from 'FILE *(__cdecl *)(const char *,const char *)' to 'FILE *'
  (compiling source file 'main.cpp')
      C:\Users\jayes\Desktop\Virtual Pets\VirtualPets\stb_image.h(1496,12):
      There is no context in which this conversion is possible
  
C:\Users\jayes\Desktop\Virtual Pets\VirtualPets\stb_image.h(1503,16): error C2084: function 'float *stbi_loadf_from_file(FILE *,int *,int *,int *,int)' already has a body
  (compiling source file 'main.cpp')
      C:\Users\jayes\Desktop\Virtual Pets\VirtualPets\stb_image.h(1503,16):
      see previous definition of 'stbi_loadf_from_file'
  
C:\Users\jayes\Desktop\Virtual Pets\VirtualPets\stb_image.h(1506,4): error C2264: 'stbi__start_file': error in function definition or declaration; function not called
  (compiling source file 'main.cpp')
  
C:\Users\jayes\Desktop\Virtual Pets\VirtualPets\stb_image.h(1507,11): error C2264: 'stbi__loadf_main': error in function definition or declaration; function not called
  (compiling source file 'main.cpp')
  
C:\Users\jayes\Desktop\Virtual Pets\VirtualPets\stb_image.h(1517,13): error C2084: function 'int stbi_is_hdr_from_memory(const stbi_uc *,int)' already has a body
  (compiling source file 'main.cpp')
      C:\Users\jayes\Desktop\Virtual Pets\VirtualPets\stb_image.h(1517,13):
      see previous definition of 'stbi_is_hdr_from_memory'
  
C:\Users\jayes\Desktop\Virtual Pets\VirtualPets\stb_image.h(1521,4): error C2264: 'stbi__start_mem': error in function definition or declaration; function not called
  (compiling source file 'main.cpp')
  
C:\Users\jayes\Desktop\Virtual Pets\VirtualPets\stb_image.h(1531,18): error C2084: function 'int stbi_is_hdr(const char *)' already has a body
  (compiling source file 'main.cpp')
      C:\Users\jayes\Desktop\Virtual Pets\VirtualPets\stb_image.h(1531,18):
      see previous definition of 'stbi_is_hdr'
  
C:\Users\jayes\Desktop\Virtual Pets\VirtualPets\stb_image.h(1533,12): error C2440: 'initializing': cannot convert from 'FILE *(__cdecl *)(const char *,const char *)' to 'FILE *'
  (compiling source file 'main.cpp')
      C:\Users\jayes\Desktop\Virtual Pets\VirtualPets\stb_image.h(1533,12):
      There is no context in which this conversion is possible
  
C:\Users\jayes\Desktop\Virtual Pets\VirtualPets\stb_image.h(1542,13): error C2084: function 'int stbi_is_hdr_from_file(FILE *)' already has a body
  (compiling source file 'main.cpp')
      C:\Users\jayes\Desktop\Virtual Pets\VirtualPets\stb_image.h(1542,13):
      see previous definition of 'stbi_is_hdr_from_file'
  
C:\Users\jayes\Desktop\Virtual Pets\VirtualPets\stb_image.h(1548,4): error C2264: 'stbi__start_file': error in function definition or declaration; function not called
  (compiling source file 'main.cpp')
  
C:\Users\jayes\Desktop\Virtual Pets\VirtualPets\stb_image.h(1548,4): error C1003: error count exceeds 100; stopping compilation
  (compiling source file 'main.cpp')
  
  textures.cpp
C:\Users\jayes\Desktop\Virtual Pets\VirtualPets\Libraries\include\glad\glad.h(27,1): error C1189: #error:  OpenGL header already included, remove this include, glad already provides it
  (compiling source file 'textures.cpp')
  
  Generating Code...
